2024-12-29 17:46:13,693 INFO [main] c.x.j.e.XxlJobExecutorApplication [StartupInfoLogger.java : 55] Starting XxlJobExecutorApplication using Java 1.8.0_392 on 192.168.2.46 with PID 28140 (/Users/typhoon/IdeaProjects/middleware/xxl-job/xxl-job-executor-samples/xxl-job-executor-sample-springboot/target/classes started by typhoon in /Users/typhoon/IdeaProjects/middleware/xxl-job)
2024-12-29 17:46:13,694 INFO [main] c.x.j.e.XxlJobExecutorApplication [SpringApplication.java : 632] No active profile set, falling back to 1 default profile: "default"
2024-12-29 17:46:14,067 INFO [main] o.s.b.w.e.tomcat.TomcatWebServer [TomcatWebServer.java : 108] Tomcat initialized with port(s): 8081 (http)
2024-12-29 17:46:14,070 INFO [main] o.a.coyote.http11.Http11NioProtocol [DirectJDKLog.java : 173] Initializing ProtocolHandler ["http-nio-8081"]
2024-12-29 17:46:14,071 INFO [main] o.a.catalina.core.StandardService [DirectJDKLog.java : 173] Starting service [Tomcat]
2024-12-29 17:46:14,071 INFO [main] o.a.catalina.core.StandardEngine [DirectJDKLog.java : 173] Starting Servlet engine: [Apache Tomcat/9.0.83]
2024-12-29 17:46:14,101 INFO [main] o.a.c.c.C.[Tomcat].[localhost].[/] [DirectJDKLog.java : 173] Initializing Spring embedded WebApplicationContext
2024-12-29 17:46:14,101 INFO [main] o.s.b.w.s.c.ServletWebServerApplicationContext [ServletWebServerApplicationContext.java : 292] Root WebApplicationContext: initialization completed in 312 ms
2024-12-29 17:46:14,127 INFO [main] c.x.j.e.core.config.XxlJobConfig [XxlJobConfig.java : 52] >>>>>>>>>>> xxl-job config init.
2024-12-29 17:46:14,242 INFO [main] c.x.job.core.executor.XxlJobExecutor [XxlJobExecutor.java : 204] >>>>>>>>>>> xxl-job register jobhandler success, name:demoJobHandler, jobHandler:com.xxl.job.core.handler.impl.MethodJobHandler@5cdf39b2[class com.xxl.job.executor.service.jobhandler.SampleXxlJob#demoJobHandler]
2024-12-29 17:46:14,243 INFO [main] c.x.job.core.executor.XxlJobExecutor [XxlJobExecutor.java : 204] >>>>>>>>>>> xxl-job register jobhandler success, name:shardingJobHandler, jobHandler:com.xxl.job.core.handler.impl.MethodJobHandler@33b082c5[class com.xxl.job.executor.service.jobhandler.SampleXxlJob#shardingJobHandler]
2024-12-29 17:46:14,243 INFO [main] c.x.job.core.executor.XxlJobExecutor [XxlJobExecutor.java : 204] >>>>>>>>>>> xxl-job register jobhandler success, name:commandJobHandler, jobHandler:com.xxl.job.core.handler.impl.MethodJobHandler@16073fa8[class com.xxl.job.executor.service.jobhandler.SampleXxlJob#commandJobHandler]
2024-12-29 17:46:14,243 INFO [main] c.x.job.core.executor.XxlJobExecutor [XxlJobExecutor.java : 204] >>>>>>>>>>> xxl-job register jobhandler success, name:httpJobHandler, jobHandler:com.xxl.job.core.handler.impl.MethodJobHandler@1cc9cfb2[class com.xxl.job.executor.service.jobhandler.SampleXxlJob#httpJobHandler]
2024-12-29 17:46:14,243 INFO [main] c.x.job.core.executor.XxlJobExecutor [XxlJobExecutor.java : 204] >>>>>>>>>>> xxl-job register jobhandler success, name:demoJobHandler2, jobHandler:com.xxl.job.core.handler.impl.MethodJobHandler@cfbc8e8[class com.xxl.job.executor.service.jobhandler.SampleXxlJob#demoJobHandler2]
2024-12-29 17:46:14,261 INFO [main] o.a.coyote.http11.Http11NioProtocol [DirectJDKLog.java : 173] Starting ProtocolHandler ["http-nio-8081"]
2024-12-29 17:46:14,270 INFO [main] o.s.b.w.e.tomcat.TomcatWebServer [TomcatWebServer.java : 220] Tomcat started on port(s): 8081 (http) with context path ''
2024-12-29 17:46:14,275 INFO [main] c.x.j.e.XxlJobExecutorApplication [StartupInfoLogger.java : 61] Started XxlJobExecutorApplication in 0.724 seconds (JVM running for 0.996)
2024-12-29 17:46:14,324 INFO [Thread-5] com.xxl.job.core.server.EmbedServer [EmbedServer.java : 91] >>>>>>>>>>> xxl-job remoting server start success, nettype = class com.xxl.job.core.server.EmbedServer, port = 9999
2024-12-29 17:46:14,693 INFO [xxl-job, executor ExecutorRegistryThread] c.x.j.c.t.ExecutorRegistryThread [ExecutorRegistryThread.java : 54] >>>>>>>>>>> xxl-job registry fail, registryParam:RegistryParam{registryGroup='EXECUTOR', registryKey='xxl-job-executor-sample', registryValue='http://192.168.2.46:9999/'}, registryResult:ReturnT [code=500, msg=org.springframework.web.util.NestedServletException: Handler dispatch failed; nested exception is java.lang.NoClassDefFoundError: Could not initialize class com.xxl.job.core.util.GsonTool, content=null]
2024-12-29 17:46:45,043 INFO [xxl-job, executor ExecutorRegistryThread] c.x.j.c.t.ExecutorRegistryThread [ExecutorRegistryThread.java : 54] >>>>>>>>>>> xxl-job registry fail, registryParam:RegistryParam{registryGroup='EXECUTOR', registryKey='xxl-job-executor-sample', registryValue='http://192.168.2.46:9999/'}, registryResult:ReturnT [code=500, msg=org.springframework.web.util.NestedServletException: Handler dispatch failed; nested exception is java.lang.NoClassDefFoundError: Could not initialize class com.xxl.job.core.util.GsonTool, content=null]
2024-12-29 17:47:15,412 INFO [xxl-job, executor ExecutorRegistryThread] c.x.j.c.t.ExecutorRegistryThread [ExecutorRegistryThread.java : 54] >>>>>>>>>>> xxl-job registry fail, registryParam:RegistryParam{registryGroup='EXECUTOR', registryKey='xxl-job-executor-sample', registryValue='http://192.168.2.46:9999/'}, registryResult:ReturnT [code=500, msg=org.springframework.web.util.NestedServletException: Handler dispatch failed; nested exception is java.lang.NoClassDefFoundError: Could not initialize class com.xxl.job.core.util.GsonTool, content=null]
