2024-12-29 13:26:14,289 INFO [main] c.x.job.admin.XxlJobAdminApplication [StartupInfoLogger.java : 55] Starting XxlJobAdminApplication using Java 1.8.0_392 on 192.168.2.46 with PID 22741 (/Users/typhoon/IdeaProjects/middleware/xxl-job/xxl-job-admin/target/classes started by typhoon in /Users/typhoon/IdeaProjects/middleware/xxl-job)
2024-12-29 13:26:14,291 INFO [main] c.x.job.admin.XxlJobAdminApplication [SpringApplication.java : 638] The following 1 profile is active: "dev"
2024-12-29 13:26:14,951 INFO [main] o.s.b.w.e.tomcat.TomcatWebServer [TomcatWebServer.java : 108] Tomcat initialized with port(s): 8080 (http)
2024-12-29 13:26:14,954 INFO [main] o.a.coyote.http11.Http11NioProtocol [DirectJDKLog.java : 173] Initializing ProtocolHandler ["http-nio-8080"]
2024-12-29 13:26:14,955 INFO [main] o.a.catalina.core.StandardService [DirectJDKLog.java : 173] Starting service [Tomcat]
2024-12-29 13:26:14,955 INFO [main] o.a.catalina.core.StandardEngine [DirectJDKLog.java : 173] Starting Servlet engine: [Apache Tomcat/9.0.83]
2024-12-29 13:26:14,994 INFO [main] o.a.c.c.C.[.[.[/xxl-job-admin] [DirectJDKLog.java : 173] Initializing Spring embedded WebApplicationContext
2024-12-29 13:26:14,995 INFO [main] o.s.b.w.s.c.ServletWebServerApplicationContext [ServletWebServerApplicationContext.java : 292] Root WebApplicationContext: initialization completed in 582 ms
2024-12-29 13:26:15,249 INFO [main] c.x.j.a.c.scheduler.XxlJobScheduler [XxlJobScheduler.java : 45] >>>>>>>>> init xxl-job admin success.
2024-12-29 13:26:15,256 INFO [xxl-job, admin JobLogReportHelper] com.zaxxer.hikari.HikariDataSource [HikariDataSource.java : 110] HikariCP - Starting...
2024-12-29 13:26:15,324 INFO [main] o.s.b.a.w.s.WelcomePageHandlerMapping [WelcomePageHandlerMapping.java : 60] Adding welcome page template: index
2024-12-29 13:26:15,345 INFO [xxl-job, admin JobLogReportHelper] com.zaxxer.hikari.HikariDataSource [HikariDataSource.java : 123] HikariCP - Start completed.
2024-12-29 13:26:15,527 INFO [main] o.s.b.a.e.web.EndpointLinksResolver [EndpointLinksResolver.java : 58] Exposing 1 endpoint(s) beneath base path '/actuator'
2024-12-29 13:26:15,543 INFO [main] o.a.coyote.http11.Http11NioProtocol [DirectJDKLog.java : 173] Starting ProtocolHandler ["http-nio-8080"]
2024-12-29 13:26:15,556 INFO [main] o.a.c.c.C.[.[.[/xxl-job-admin] [DirectJDKLog.java : 173] Initializing Spring DispatcherServlet 'dispatcherServlet'
2024-12-29 13:26:15,556 INFO [main] o.s.web.servlet.DispatcherServlet [FrameworkServlet.java : 525] Initializing Servlet 'dispatcherServlet'
2024-12-29 13:26:15,557 INFO [main] o.s.web.servlet.DispatcherServlet [FrameworkServlet.java : 547] Completed initialization in 1 ms
2024-12-29 13:26:15,557 INFO [main] o.s.b.w.e.tomcat.TomcatWebServer [TomcatWebServer.java : 220] Tomcat started on port(s): 8080 (http) with context path '/xxl-job-admin'
2024-12-29 13:26:15,565 INFO [main] c.x.job.admin.XxlJobAdminApplication [StartupInfoLogger.java : 61] Started XxlJobAdminApplication in 1.473 seconds (JVM running for 2.004)
2024-12-29 13:26:20,005 INFO [xxl-job, admin JobScheduleHelper#scheduleThread] c.x.j.a.c.thread.JobScheduleHelper [JobScheduleHelper.java : 51] >>>>>>>>> init xxl-job admin scheduler success.
2024-12-29 13:33:24,875 ERROR [xxl-job, admin JobTriggerPoolHelper-fastTriggerPool-977758450] c.x.job.core.util.XxlJobRemotingUtil [XxlJobRemotingUtil.java : 143] Read timed out
java.net.SocketTimeoutException: Read timed out
	at java.net.SocketInputStream.socketRead0(Native Method)
	at java.net.SocketInputStream.socketRead(SocketInputStream.java:116)
	at java.net.SocketInputStream.read(SocketInputStream.java:171)
	at java.net.SocketInputStream.read(SocketInputStream.java:141)
	at java.io.BufferedInputStream.fill(BufferedInputStream.java:246)
	at java.io.BufferedInputStream.read1(BufferedInputStream.java:286)
	at java.io.BufferedInputStream.read(BufferedInputStream.java:345)
	at sun.net.www.http.HttpClient.parseHTTPHeader(HttpClient.java:743)
	at sun.net.www.http.HttpClient.parseHTTP(HttpClient.java:678)
	at sun.net.www.protocol.http.HttpURLConnection.getInputStream0(HttpURLConnection.java:1595)
	at sun.net.www.protocol.http.HttpURLConnection.getInputStream(HttpURLConnection.java:1500)
	at java.net.HttpURLConnection.getResponseCode(HttpURLConnection.java:480)
	at com.xxl.job.core.util.XxlJobRemotingUtil.postBody(XxlJobRemotingUtil.java:119)
	at com.xxl.job.core.biz.client.ExecutorBizClient.run(ExecutorBizClient.java:43)
	at com.xxl.job.admin.core.trigger.XxlJobTrigger.runExecutor(XxlJobTrigger.java:211)
	at com.xxl.job.admin.core.trigger.XxlJobTrigger.processTrigger(XxlJobTrigger.java:164)
	at com.xxl.job.admin.core.trigger.XxlJobTrigger.trigger(XxlJobTrigger.java:89)
	at com.xxl.job.admin.core.thread.JobTriggerPoolHelper$3.run(JobTriggerPoolHelper.java:95)
	at java.util.concurrent.ThreadPoolExecutor.runWorker(ThreadPoolExecutor.java:1149)
	at java.util.concurrent.ThreadPoolExecutor$Worker.run(ThreadPoolExecutor.java:624)
	at java.lang.Thread.run(Thread.java:750)
2024-12-29 13:34:18,080 ERROR [xxl-job, admin JobTriggerPoolHelper-fastTriggerPool-89205687] c.x.job.core.util.XxlJobRemotingUtil [XxlJobRemotingUtil.java : 143] Read timed out
java.net.SocketTimeoutException: Read timed out
	at java.net.SocketInputStream.socketRead0(Native Method)
	at java.net.SocketInputStream.socketRead(SocketInputStream.java:116)
	at java.net.SocketInputStream.read(SocketInputStream.java:171)
	at java.net.SocketInputStream.read(SocketInputStream.java:141)
	at java.io.BufferedInputStream.fill(BufferedInputStream.java:246)
	at java.io.BufferedInputStream.read1(BufferedInputStream.java:286)
	at java.io.BufferedInputStream.read(BufferedInputStream.java:345)
	at sun.net.www.http.HttpClient.parseHTTPHeader(HttpClient.java:743)
	at sun.net.www.http.HttpClient.parseHTTP(HttpClient.java:678)
	at sun.net.www.protocol.http.HttpURLConnection.getInputStream0(HttpURLConnection.java:1595)
	at sun.net.www.protocol.http.HttpURLConnection.getInputStream(HttpURLConnection.java:1500)
	at java.net.HttpURLConnection.getResponseCode(HttpURLConnection.java:480)
	at com.xxl.job.core.util.XxlJobRemotingUtil.postBody(XxlJobRemotingUtil.java:119)
	at com.xxl.job.core.biz.client.ExecutorBizClient.run(ExecutorBizClient.java:43)
	at com.xxl.job.admin.core.trigger.XxlJobTrigger.runExecutor(XxlJobTrigger.java:211)
	at com.xxl.job.admin.core.trigger.XxlJobTrigger.processTrigger(XxlJobTrigger.java:164)
	at com.xxl.job.admin.core.trigger.XxlJobTrigger.trigger(XxlJobTrigger.java:89)
	at com.xxl.job.admin.core.thread.JobTriggerPoolHelper$3.run(JobTriggerPoolHelper.java:95)
	at java.util.concurrent.ThreadPoolExecutor.runWorker(ThreadPoolExecutor.java:1149)
	at java.util.concurrent.ThreadPoolExecutor$Worker.run(ThreadPoolExecutor.java:624)
	at java.lang.Thread.run(Thread.java:750)
2024-12-29 13:36:13,345 INFO [xxl-job, admin JobScheduleHelper#scheduleThread] c.x.j.a.c.thread.JobScheduleHelper [JobScheduleHelper.java : 211] >>>>>>>>>>> xxl-job, JobScheduleHelper#scheduleThread stop
2024-12-29 13:36:14,002 INFO [xxl-job, admin JobScheduleHelper#ringThread] c.x.j.a.c.thread.JobScheduleHelper [JobScheduleHelper.java : 263] >>>>>>>>>>> xxl-job, JobScheduleHelper#ringThread stop
2024-12-29 13:36:14,349 INFO [SpringApplicationShutdownHook] c.x.j.a.c.thread.JobScheduleHelper [JobScheduleHelper.java : 363] >>>>>>>>>>> xxl-job, JobScheduleHelper stop
2024-12-29 13:36:14,350 INFO [xxl-job, admin JobLogReportHelper] c.x.j.a.c.thread.JobLogReportHelper [JobLogReportHelper.java : 132] >>>>>>>>>>> xxl-job, job log report thread stop
2024-12-29 13:36:14,350 INFO [xxl-job, admin JobLosedMonitorHelper] c.x.j.a.c.thread.JobCompleteHelper [JobCompleteHelper.java : 111] >>>>>>>>>>> xxl-job, JobLosedMonitorHelper stop
2024-12-29 13:36:14,350 INFO [xxl-job, admin JobFailMonitorHelper] c.x.j.a.c.t.JobFailMonitorHelper [JobFailMonitorHelper.java : 90] >>>>>>>>>>> xxl-job, job fail monitor thread stop
2024-12-29 13:36:14,351 INFO [xxl-job, admin JobRegistryMonitorHelper-registryMonitorThread] c.x.j.a.c.thread.JobRegistryHelper [JobRegistryHelper.java : 123] >>>>>>>>>>> xxl-job, job registry monitor thread stop
2024-12-29 13:36:14,351 INFO [SpringApplicationShutdownHook] c.x.j.a.c.t.JobTriggerPoolHelper [JobTriggerPoolHelper.java : 60] >>>>>>>>> xxl-job trigger thread pool shutdown success.
2024-12-29 13:36:14,355 INFO [SpringApplicationShutdownHook] com.zaxxer.hikari.HikariDataSource [HikariDataSource.java : 350] HikariCP - Shutdown initiated...
2024-12-29 13:36:14,358 INFO [SpringApplicationShutdownHook] com.zaxxer.hikari.HikariDataSource [HikariDataSource.java : 352] HikariCP - Shutdown completed.
